<?xml version="1.0" encoding="UTF-8"?>
<!-- Generated by org.testng.reporters.JUnitReportReporter -->
<testsuite hostname="fromAtoBs-MBP" failures="0" tests="2" name="com.AtoB.qa.Test.LoginPageTest" time="1.196" errors="0" timestamp="03 Jan 2019 16:38:48 GMT" skipped="0">
  <testcase classname="com.AtoB.qa.Test.LoginPageTest" name="loginPageTitle" time="0.016"/>
  <testcase classname="com.AtoB.qa.Test.LoginPageTest" name="loginTest" time="1.180"/>
</testsuite> <!-- com.AtoB.qa.Test.LoginPageTest -->
