<?xml version="1.0" encoding="UTF-8"?>
<!-- Generated by org.testng.reporters.JUnitReportReporter -->
<testsuite hostname="fromAtoBs-MBP" failures="0" tests="4" name="com.AtoB.qa.Test.HomePageTest" time="278.027" errors="0" timestamp="03 Jan 2019 16:47:04 GMT" skipped="0">
  <testcase classname="com.AtoB.qa.Test.HomePageTest" name="homePageTitleTest" time="11.085"/>
  <testcase classname="com.AtoB.qa.Test.HomePageTest" name="homePageHeadingTest" time="12.500"/>
  <testcase classname="com.AtoB.qa.Test.HomePageTest" name="selectBahnCard" time="14.328"/>
  <testcase classname="com.AtoB.qa.Test.HomePageTest" name="searchATrip" time="240.114"/>
</testsuite> <!-- com.AtoB.qa.Test.HomePageTest -->
