<?xml version="1.0" encoding="UTF-8"?>
<!-- Generated by org.testng.reporters.JUnitReportReporter -->
<testsuite hostname="fromAtoBs-MBP" failures="0" tests="1" name="com.AtoB.qa.Test.TestingClass" time="30.810" errors="0" timestamp="18 Dec 2018 13:41:37 GMT" skipped="0">
  <testcase classname="com.AtoB.qa.Test.TestingClass" name="testing" time="30.810"/>
</testsuite> <!-- com.AtoB.qa.Test.TestingClass -->
